This is pdfTeX, Version 3.14159265-2.6-1.40.18 (MiKTeX 2.9.6300 64-bit) (preloaded format=pdflatex 2017.5.11)  12 MAY 2017 18:17
entering extended mode
**./titre.tex
(titre.tex
LaTeX2e <2017-04-15>
Babel <3.9r> and hyphenation patterns for 75 language(s) loaded.

! LaTeX Error: Environment titlepage undefined.

See the LaTeX manual or LaTeX Companion for explanation.
Type  H <return>  for immediate help.
 ...                                              
                                                  
l.3 \begin{titlepage}
                     {
Your command was ignored.
Type  I <command> <return>  to replace it with another command,
or  <return>  to continue without it.


! LaTeX Error: Missing \begin{document}.

See the LaTeX manual or LaTeX Companion for explanation.
Type  H <return>  for immediate help.
 ...                                              
                                                  
l.4     \begin{center}
                      
You're in trouble here.  Try typing  <return>  to proceed.
If that doesn't work, type  X <return>  to quit.


Overfull \hbox (20.0pt too wide) in paragraph at lines 4--4
[] 
 []

! Undefined control sequence.
l.6         {\Large
                    \textbf {Université de Cergy-Pontoise}} \\
The control sequence at the end of the top line
of your error message was never \def'ed. If you have
misspelled it (e.g., `\hobx'), type `I' and the correct
spelling (e.g., `I\hbox'). Otherwise just continue,
and I'll forget about whatever was undefined.

Missing character: There is no é in font cmbx10!

Overfull \hbox (46.39003pt too wide) in paragraph at lines 6--6
 \OT1/cmr/bx/n/10 Universit 
 []


Overfull \hbox (11.65967pt too wide) in paragraph at lines 6--6
 \OT1/cmr/bx/n/10 de 
 []


Overfull \hbox (33.96512pt too wide) in paragraph at lines 6--6
 \OT1/cmr/bx/n/10 Cergy- 
 []


Overfull \hbox (42.58449pt too wide) in paragraph at lines 6--6
 \OT1/cmr/bx/n/10 Pontoise 
 []

! Undefined control sequence.
l.8         {\Large
                    \textbf {RAPPORT}} \\
The control sequence at the end of the top line
of your error message was never \def'ed. If you have
misspelled it (e.g., `\hobx'), type `I' and the correct
spelling (e.g., `I\hbox'). Otherwise just continue,
and I'll forget about whatever was undefined.


Overfull \hbox (57.34691pt too wide) in paragraph at lines 8--8
 []\OT1/cmr/bx/n/10 RAPPORT 
 []

Missing character: There is no p in font nullfont!
Missing character: There is no o in font nullfont!
Missing character: There is no u in font nullfont!
Missing character: There is no r in font nullfont!
Missing character: There is no l in font nullfont!
Missing character: There is no e in font nullfont!
Missing character: There is no p in font nullfont!
Missing character: There is no r in font nullfont!
Missing character: There is no o in font nullfont!
Missing character: There is no j in font nullfont!
Missing character: There is no e in font nullfont!
Missing character: There is no t in font nullfont!
Missing character: There is no d in font nullfont!
Missing character: There is no ' in font nullfont!
Missing character: There is no a in font nullfont!
Missing character: There is no r in font nullfont!
Missing character: There is no c in font nullfont!
Missing character: There is no h in font nullfont!
Missing character: There is no i in font nullfont!
Missing character: There is no t in font nullfont!
Missing character: There is no e in font nullfont!
Missing character: There is no c in font nullfont!
Missing character: There is no t in font nullfont!
Missing character: There is no u in font nullfont!
Missing character: There is no r in font nullfont!
Missing character: There is no e in font nullfont!
Missing character: There is no d in font nullfont!
Missing character: There is no e in font nullfont!
Missing character: There is no s in font nullfont!
Missing character: There is no o in font nullfont!
Missing character: There is no r in font nullfont!
Missing character: There is no d in font nullfont!
Missing character: There is no i in font nullfont!
Missing character: There is no n in font nullfont!
Missing character: There is no a in font nullfont!
Missing character: There is no t in font nullfont!
Missing character: There is no e in font nullfont!
Missing character: There is no u in font nullfont!
Missing character: There is no r in font nullfont!
Missing character: There is no s in font nullfont!
Missing character: There is no è in font cmbx10!
Missing character: There is no é in font cmbx10!

Overfull \hbox (37.2637pt too wide) in paragraph at lines 11--11
 []\OT1/cmr/bx/n/10 Licence 
 []


Overfull \hbox (74.90237pt too wide) in paragraph at lines 11--11
 \OT1/cmr/bx/n/10 d'Informatique 
 []


Overfull \hbox (42.16646pt too wide) in paragraph at lines 11--11
 \OT1/cmr/bx/n/10 deuxime 
 []


Overfull \hbox (23.63875pt too wide) in paragraph at lines 11--11
 \OT1/cmr/bx/n/10 anne 
 []

Missing character: There is no s in font nullfont!
Missing character: There is no u in font nullfont!
Missing character: There is no r in font nullfont!
Missing character: There is no l in font nullfont!
Missing character: There is no e in font nullfont!
Missing character: There is no s in font nullfont!
Missing character: There is no u in font nullfont!
Missing character: There is no j in font nullfont!
Missing character: There is no e in font nullfont!
Missing character: There is no t in font nullfont!
! Undefined control sequence.
l.16 	{\Huge
             \textsf{Conception d'un processeur 4 bits}} \\
The control sequence at the end of the top line
of your error message was never \def'ed. If you have
misspelled it (e.g., `\hobx'), type `I' and the correct
spelling (e.g., `I\hbox'). Otherwise just continue,
and I'll forget about whatever was undefined.


Overfull \hbox (46.77783pt too wide) in paragraph at lines 16--16
 []\OT1/cmss/m/n/10 Conception 
 []


Overfull \hbox (18.2778pt too wide) in paragraph at lines 16--16
 \OT1/cmss/m/n/10 d'un 
 []


Overfull \hbox (16.63892pt too wide) in paragraph at lines 16--16
 \OT1/cmss/m/n/10 pro- 
 []


Overfull \hbox (29.58334pt too wide) in paragraph at lines 16--16
 \OT1/cmss/m/n/10 cesseur 
 []


Overfull \hbox (5.00002pt too wide) in paragraph at lines 16--16
 \OT1/cmss/m/n/10 4 
 []


Overfull \hbox (15.0pt too wide) in paragraph at lines 16--16
 \OT1/cmss/m/n/10 bits 
 []

Missing character: There is no r in font nullfont!
Missing character: There is no é in font nullfont!
Missing character: There is no d in font nullfont!
Missing character: There is no i in font nullfont!
Missing character: There is no g in font nullfont!
Missing character: There is no é in font nullfont!
Missing character: There is no p in font nullfont!
Missing character: There is no a in font nullfont!
Missing character: There is no r in font nullfont!
! Undefined control sequence.
l.20         {\Large
                     \textbf {GERARD Quentin et PETITEVILLE Valentin}} \\
The control sequence at the end of the top line
of your error message was never \def'ed. If you have
misspelled it (e.g., `\hobx'), type `I' and the correct
spelling (e.g., `I\hbox'). Otherwise just continue,
and I'll forget about whatever was undefined.


Overfull \hbox (51.36082pt too wide) in paragraph at lines 20--20
 []\OT1/cmr/bx/n/10 GERARD 
 []


Overfull \hbox (40.4234pt too wide) in paragraph at lines 20--20
 \OT1/cmr/bx/n/10 Quentin 
 []


Overfull \hbox (9.74301pt too wide) in paragraph at lines 20--20
 \OT1/cmr/bx/n/10 et 
 []


Overfull \hbox (19.2499pt too wide) in paragraph at lines 20--20
 \OT1/cmr/bx/n/10 PE- 
 []


Overfull \hbox (62.36075pt too wide) in paragraph at lines 20--20
 \OT1/cmr/bx/n/10 TITEVILLE 
 []


Overfull \hbox (41.91643pt too wide) in paragraph at lines 20--20
 \OT1/cmr/bx/n/10 Valentin 
 []

! Undefined control sequence.
l.22 				\noreffig
                  {img/proc.jpg}{12.82cm}{8.2cm} \\
The control sequence at the end of the top line
of your error message was never \def'ed. If you have
misspelled it (e.g., `\hobx'), type `I' and the correct
spelling (e.g., `I\hbox'). Otherwise just continue,
and I'll forget about whatever was undefined.

Missing character: There is no i in font nullfont!
Missing character: There is no m in font nullfont!
Missing character: There is no g in font nullfont!
Missing character: There is no / in font nullfont!
Missing character: There is no p in font nullfont!
Missing character: There is no r in font nullfont!
Missing character: There is no o in font nullfont!
Missing character: There is no c in font nullfont!
Missing character: There is no . in font nullfont!
Missing character: There is no j in font nullfont!
Missing character: There is no p in font nullfont!
Missing character: There is no g in font nullfont!
Missing character: There is no 1 in font nullfont!
Missing character: There is no 2 in font nullfont!
Missing character: There is no . in font nullfont!
Missing character: There is no 8 in font nullfont!
Missing character: There is no 2 in font nullfont!
Missing character: There is no c in font nullfont!
Missing character: There is no m in font nullfont!
Missing character: There is no 8 in font nullfont!
Missing character: There is no . in font nullfont!
Missing character: There is no 2 in font nullfont!
Missing character: There is no c in font nullfont!
Missing character: There is no m in font nullfont!
Missing character: There is no a in font nullfont!
Missing character: There is no i in font nullfont!
Missing character: There is no 2 in font nullfont!
Missing character: There is no 0 in font nullfont!
Missing character: There is no 1 in font nullfont!
Missing character: There is no 7 in font nullfont!

! LaTeX Error: \begin{document} ended by \end{titlepage}.

See the LaTeX manual or LaTeX Companion for explanation.
Type  H <return>  for immediate help.
 ...                                              
                                                  
l.27 \end{titlepage}
                    
Your command was ignored.
Type  I <command> <return>  to replace it with another command,
or  <return>  to continue without it.

)
! Emergency stop.
<*> ./titre.tex
               
*** (job aborted, no legal \end found)

 
Here is how much of TeX's memory you used:
 13 strings out of 493328
 144 string characters out of 3139118
 54405 words of memory out of 3000000
 3645 multiletter control sequences out of 15000+200000
 4253 words of font info for 16 fonts, out of 3000000 for 9000
 1141 hyphenation exceptions out of 8191
 13i,1n,10p,98b,126s stack positions out of 5000i,500n,10000p,200000b,50000s
!  ==> Fatal error occurred, no output PDF file produced!
